<?xml version="1.0" encoding="UTF-8"?>
<testsuite xmlns:xsi="http://www.w3.org/2001/XMLSchema-instance" xsi:noNamespaceSchemaLocation="https://maven.apache.org/surefire/maven-surefire-plugin/xsd/surefire-test-report.xsd" name="edu.school21.numbers.NumberWorkerTest" time="0.158" tests="32" errors="0" skipped="0" failures="0">
  <properties>
[...]
</properties>
  <testcase name="NotCorrectDigitsSum{ArgumentsAccessor}[1]" classname="edu.school21.numbers.NumberWorkerTest" time="0.032"/>
  <testcase name="NotCorrectDigitsSum{ArgumentsAccessor}[2]" classname="edu.school21.numbers.NumberWorkerTest" time="0.001"/>
  <testcase name="NotCorrectDigitsSum{ArgumentsAccessor}[3]" classname="edu.school21.numbers.NumberWorkerTest" time="0"/>
  <testcase name="NotCorrectDigitsSum{ArgumentsAccessor}[4]" classname="edu.school21.numbers.NumberWorkerTest" time="0"/>
  <testcase name="NotCorrectDigitsSum{ArgumentsAccessor}[5]" classname="edu.school21.numbers.NumberWorkerTest" time="0"/>
  <testcase name="NotCorrectDigitsSum{ArgumentsAccessor}[6]" classname="edu.school21.numbers.NumberWorkerTest" time="0"/>
  <testcase name="NotCorrectDigitsSum{ArgumentsAccessor}[7]" classname="edu.school21.numbers.NumberWorkerTest" time="0"/>
  <testcase name="NotCorrectDigitsSum{ArgumentsAccessor}[8]" classname="edu.school21.numbers.NumberWorkerTest" time="0"/>
  <testcase name="NotCorrectDigitsSum{ArgumentsAccessor}[9]" classname="edu.school21.numbers.NumberWorkerTest" time="0.001"/>
  <testcase name="NotCorrectDigitsSum{ArgumentsAccessor}[10]" classname="edu.school21.numbers.NumberWorkerTest" time="0"/>
  <testcase name="NotCorrectDigitsSum{ArgumentsAccessor}[11]" classname="edu.school21.numbers.NumberWorkerTest" time="0"/>
  <testcase name="isPrimeForNotPrimes{int}[1]" classname="edu.school21.numbers.NumberWorkerTest" time="0.004"/>
  <testcase name="isPrimeForNotPrimes{int}[2]" classname="edu.school21.numbers.NumberWorkerTest" time="0"/>
  <testcase name="isPrimeForNotPrimes{int}[3]" classname="edu.school21.numbers.NumberWorkerTest" time="0"/>
  <testcase name="CorrectDigitsSum{ArgumentsAccessor}[1]" classname="edu.school21.numbers.NumberWorkerTest" time="0.001"/>
  <testcase name="CorrectDigitsSum{ArgumentsAccessor}[2]" classname="edu.school21.numbers.NumberWorkerTest" time="0"/>
  <testcase name="CorrectDigitsSum{ArgumentsAccessor}[3]" classname="edu.school21.numbers.NumberWorkerTest" time="0.001"/>
  <testcase name="CorrectDigitsSum{ArgumentsAccessor}[4]" classname="edu.school21.numbers.NumberWorkerTest" time="0.001"/>
  <testcase name="CorrectDigitsSum{ArgumentsAccessor}[5]" classname="edu.school21.numbers.NumberWorkerTest" time="0.001"/>
  <testcase name="CorrectDigitsSum{ArgumentsAccessor}[6]" classname="edu.school21.numbers.NumberWorkerTest" time="0.001"/>
  <testcase name="CorrectDigitsSum{ArgumentsAccessor}[7]" classname="edu.school21.numbers.NumberWorkerTest" time="0.001"/>
  <testcase name="CorrectDigitsSum{ArgumentsAccessor}[8]" classname="edu.school21.numbers.NumberWorkerTest" time="0.002"/>
  <testcase name="CorrectDigitsSum{ArgumentsAccessor}[9]" classname="edu.school21.numbers.NumberWorkerTest" time="0"/>
  <testcase name="CorrectDigitsSum{ArgumentsAccessor}[10]" classname="edu.school21.numbers.NumberWorkerTest" time="0"/>
  <testcase name="CorrectDigitsSum{ArgumentsAccessor}[11]" classname="edu.school21.numbers.NumberWorkerTest" time="0.001"/>
  <testcase name="isPrimeForPrimes{int}[1]" classname="edu.school21.numbers.NumberWorkerTest" time="0.001"/>
  <testcase name="isPrimeForPrimes{int}[2]" classname="edu.school21.numbers.NumberWorkerTest" time="0.001"/>
  <testcase name="isPrimeForPrimes{int}[3]" classname="edu.school21.numbers.NumberWorkerTest" time="0.001"/>
  <testcase name="isPrimeForPrimes{int}[4]" classname="edu.school21.numbers.NumberWorkerTest" time="0"/>
  <testcase name="isPrimeForIncorrectNumbers{int}[1]" classname="edu.school21.numbers.NumberWorkerTest" time="0"/>
  <testcase name="isPrimeForIncorrectNumbers{int}[2]" classname="edu.school21.numbers.NumberWorkerTest" time="0"/>
  <testcase name="isPrimeForIncorrectNumbers{int}[3]" classname="edu.school21.numbers.NumberWorkerTest" time="0"/>
</testsuite>